<?xml version="1.0" encoding="UTF-8"?>
<testsuite name="org.qa.phonebook.LoginTests" tests="1" skipped="0" failures="0" errors="0" timestamp="2024-09-21T17:50:09" hostname="NATALI" time="2.759">
  <properties/>
  <testcase name="loginPositiveTest" classname="org.qa.phonebook.LoginTests" time="2.759"/>
  <system-out><![CDATA[]]></system-out>
  <system-err><![CDATA[сент. 21, 2024 7:50:00 PM org.openqa.selenium.remote.service.DriverService$Builder getLogOutput
INFO: Driver logs no longer sent to console by default; https://www.selenium.dev/documentation/webdriver/drivers/service/#setting-log-output
]]></system-err>
</testsuite>
